2020-08-17 23:58:02.861  INFO 16169 --- [main] vn.com.director.Application              : Starting Application on thucnc with PID 16169 (/home/thucnc/Documents/thesis/director-service/target/classes started by thucnc in /home/thucnc/Documents/thesis/director-service)
2020-08-17 23:58:02.864  INFO 16169 --- [main] vn.com.director.Application              : The following profiles are active: local
2020-08-17 23:58:02.980  INFO 16169 --- [main] o.s.c.a.ConfigurationClassParser         : Properties location [classpath:git.properties] not resolvable: class path resource [git.properties] cannot be opened because it does not exist
2020-08-17 23:58:03.626  INFO 16169 --- [main] .s.d.r.c.RepositoryConfigurationDelegate : Multiple Spring Data modules found, entering strict repository configuration mode!
2020-08-17 23:58:03.628  INFO 16169 --- [main] .s.d.r.c.RepositoryConfigurationDelegate : Bootstrapping Spring Data Redis repositories in DEFAULT mode.
2020-08-17 23:58:03.661  INFO 16169 --- [main] .s.d.r.c.RepositoryConfigurationDelegate : Finished Spring Data repository scanning in 22ms. Found 0 Redis repository interfaces.
2020-08-17 23:58:03.990  INFO 16169 --- [main] o.s.b.w.embedded.tomcat.TomcatWebServer  : Tomcat initialized with port(s): 8081 (http)
2020-08-17 23:58:03.997  INFO 16169 --- [main] o.apache.catalina.core.StandardService   : Starting service [Tomcat]
2020-08-17 23:58:03.997  INFO 16169 --- [main] org.apache.catalina.core.StandardEngine  : Starting Servlet engine: [Apache Tomcat/9.0.34]
2020-08-17 23:58:04.040  INFO 16169 --- [main] o.a.c.c.C.[Tomcat].[localhost].[/]       : Initializing Spring embedded WebApplicationContext
2020-08-17 23:58:04.040  INFO 16169 --- [main] o.s.web.context.ContextLoader            : Root WebApplicationContext: initialization completed in 1140 ms
2020-08-17 23:58:04.418  INFO 16169 --- [main] vn.com.director.Application              : ========================================================
2020-08-17 23:58:04.418  INFO 16169 --- [main] vn.com.director.Application              :   APP VERSION: UNKNOWN
2020-08-17 23:58:04.418  INFO 16169 --- [main] vn.com.director.Application              :   GIT VERSION: UNKNOWN
2020-08-17 23:58:04.419  INFO 16169 --- [main] vn.com.director.Application              :       GIT TAG: NONE
2020-08-17 23:58:04.419  INFO 16169 --- [main] vn.com.director.Application              : ========================================================
2020-08-17 23:58:04.518  INFO 16169 --- [main] org.redisson.Version                     : Redisson 3.9.1
2020-08-17 23:58:04.768  INFO 16169 --- [redisson-netty-4-3] o.r.c.pool.MasterConnectionPool          : 32 connections initialized for 178.128.101.216/178.128.101.216:6379
2020-08-17 23:58:04.769  INFO 16169 --- [redisson-netty-4-4] o.r.c.pool.MasterPubSubConnectionPool    : 1 connections initialized for 178.128.101.216/178.128.101.216:6379
2020-08-17 23:58:04.783  INFO 16169 --- [main] v.c.d.config.grpc.GrpcPoolManager        : Initialize gRPC clients pool
2020-08-17 23:58:04.807  INFO 16169 --- [main] v.c.d.config.grpc.GrpcPoolManager        : Initialize pool for gatewayStub with config {"target":"159.65.13.169:8082","useSSL":false,"poolSize":2}
2020-08-17 23:58:05.187  INFO 16169 --- [main] o.s.s.concurrent.ThreadPoolTaskExecutor  : Initializing ExecutorService 'applicationTaskExecutor'
2020-08-17 23:58:05.554  INFO 16169 --- [main] o.s.b.a.e.web.EndpointLinksResolver      : Exposing 2 endpoint(s) beneath base path '/actuator'
2020-08-17 23:58:05.745  INFO 16169 --- [main] vn.com.director.Application              : ========================================================
2020-08-17 23:58:05.745  INFO 16169 --- [main] vn.com.director.Application              :   ACTIVE PROFILES
2020-08-17 23:58:05.746  INFO 16169 --- [main] vn.com.director.Application              :   [local]
2020-08-17 23:58:05.746  INFO 16169 --- [main] vn.com.director.Application              : ========================================================
2020-08-17 23:58:05.746  INFO 16169 --- [main] vn.com.director.Application              :   APP PROPERTIES 
2020-08-17 23:58:05.746  INFO 16169 --- [main] vn.com.director.Application              : ========================================================
2020-08-17 23:58:05.753  INFO 16169 --- [main] vn.com.director.Application              : CLUTTER_IM_MODULE=xim
2020-08-17 23:58:05.753  INFO 16169 --- [main] vn.com.director.Application              : DBUS_SESSION_BUS_ADDRESS=unix:path=/run/user/1000/bus
2020-08-17 23:58:05.754  INFO 16169 --- [main] vn.com.director.Application              : DEFAULTS_PATH=/usr/share/gconf/ubuntu.default.path
2020-08-17 23:58:05.754  INFO 16169 --- [main] vn.com.director.Application              : DESKTOP_SESSION=ubuntu
2020-08-17 23:58:05.754  INFO 16169 --- [main] vn.com.director.Application              : DISPLAY=:0
2020-08-17 23:58:05.754  INFO 16169 --- [main] vn.com.director.Application              : GDMSESSION=ubuntu
2020-08-17 23:58:05.755  INFO 16169 --- [main] vn.com.director.Application              : GIO_LAUNCHED_DESKTOP_FILE=/home/thucnc/.local/share/applications/jetbrains-idea.desktop
2020-08-17 23:58:05.755  INFO 16169 --- [main] vn.com.director.Application              : GIO_LAUNCHED_DESKTOP_FILE_PID=30040
2020-08-17 23:58:05.755  INFO 16169 --- [main] vn.com.director.Application              : GJS_DEBUG_OUTPUT=stderr
2020-08-17 23:58:05.756  INFO 16169 --- [main] vn.com.director.Application              : GJS_DEBUG_TOPICS=JS ERROR;JS LOG
2020-08-17 23:58:05.756  INFO 16169 --- [main] vn.com.director.Application              : GNOME_DESKTOP_SESSION_ID=this-is-deprecated
2020-08-17 23:58:05.756  INFO 16169 --- [main] vn.com.director.Application              : GNOME_SHELL_SESSION_MODE=ubuntu
2020-08-17 23:58:05.757  INFO 16169 --- [main] vn.com.director.Application              : GPG_AGENT_INFO=/run/user/1000/gnupg/S.gpg-agent:0:1
2020-08-17 23:58:05.757  INFO 16169 --- [main] vn.com.director.Application              : GTK_IM_MODULE=ibus
2020-08-17 23:58:05.757  INFO 16169 --- [main] vn.com.director.Application              : GTK_MODULES=gail:atk-bridge
2020-08-17 23:58:05.758  INFO 16169 --- [main] vn.com.director.Application              : HOME=/home/thucnc
2020-08-17 23:58:05.758  INFO 16169 --- [main] vn.com.director.Application              : IM_CONFIG_PHASE=2
2020-08-17 23:58:05.758  INFO 16169 --- [main] vn.com.director.Application              : LANG=en_US.UTF-8
2020-08-17 23:58:05.759  INFO 16169 --- [main] vn.com.director.Application              : LC_ADDRESS=vi_VN
2020-08-17 23:58:05.759  INFO 16169 --- [main] vn.com.director.Application              : LC_IDENTIFICATION=vi_VN
2020-08-17 23:58:05.759  INFO 16169 --- [main] vn.com.director.Application              : LC_MEASUREMENT=vi_VN
2020-08-17 23:58:05.759  INFO 16169 --- [main] vn.com.director.Application              : LC_MONETARY=vi_VN
2020-08-17 23:58:05.759  INFO 16169 --- [main] vn.com.director.Application              : LC_NAME=vi_VN
2020-08-17 23:58:05.760  INFO 16169 --- [main] vn.com.director.Application              : LC_NUMERIC=vi_VN
2020-08-17 23:58:05.760  INFO 16169 --- [main] vn.com.director.Application              : LC_PAPER=vi_VN
2020-08-17 23:58:05.760  INFO 16169 --- [main] vn.com.director.Application              : LC_TELEPHONE=vi_VN
2020-08-17 23:58:05.760  INFO 16169 --- [main] vn.com.director.Application              : LC_TIME=vi_VN
2020-08-17 23:58:05.760  INFO 16169 --- [main] vn.com.director.Application              : LOGNAME=thucnc
2020-08-17 23:58:05.761  INFO 16169 --- [main] vn.com.director.Application              : MANDATORY_PATH=/usr/share/gconf/ubuntu.mandatory.path
2020-08-17 23:58:05.761  INFO 16169 --- [main] vn.com.director.Application              : OLDPWD=/home/thucnc/.local/share/JetBrains/Toolbox/apps/IDEA-U/ch-0/202.6397.59/bin
2020-08-17 23:58:05.761  INFO 16169 --- [main] vn.com.director.Application              : PATH=/usr/local/sbin:/usr/local/bin:/usr/sbin:/usr/bin:/sbin:/bin:/usr/games:/usr/local/games:/snap/bin
2020-08-17 23:58:05.761  INFO 16169 --- [main] vn.com.director.Application              : PID=16169
2020-08-17 23:58:05.761  INFO 16169 --- [main] vn.com.director.Application              : PWD=/home/thucnc/Documents/thesis/director-service
2020-08-17 23:58:05.761  INFO 16169 --- [main] vn.com.director.Application              : QT4_IM_MODULE=xim
2020-08-17 23:58:05.762  INFO 16169 --- [main] vn.com.director.Application              : QT_ACCESSIBILITY=1
2020-08-17 23:58:05.762  INFO 16169 --- [main] vn.com.director.Application              : QT_IM_MODULE=xim
2020-08-17 23:58:05.762  INFO 16169 --- [main] vn.com.director.Application              : SESSION_MANAGER=local/thucnc:@/tmp/.ICE-unix/20251,unix/thucnc:/tmp/.ICE-unix/20251
2020-08-17 23:58:05.762  INFO 16169 --- [main] vn.com.director.Application              : SHELL=/usr/bin/zsh
2020-08-17 23:58:05.762  INFO 16169 --- [main] vn.com.director.Application              : SHLVL=0
2020-08-17 23:58:05.763  INFO 16169 --- [main] vn.com.director.Application              : SSH_AGENT_PID=20347
2020-08-17 23:58:05.763  INFO 16169 --- [main] vn.com.director.Application              : SSH_AUTH_SOCK=/run/user/1000/keyring/ssh
2020-08-17 23:58:05.763  INFO 16169 --- [main] vn.com.director.Application              : TEXTDOMAIN=im-config
2020-08-17 23:58:05.763  INFO 16169 --- [main] vn.com.director.Application              : TEXTDOMAINDIR=/usr/share/locale/
2020-08-17 23:58:05.763  INFO 16169 --- [main] vn.com.director.Application              : USER=thucnc
2020-08-17 23:58:05.763  INFO 16169 --- [main] vn.com.director.Application              : USERNAME=thucnc
2020-08-17 23:58:05.764  INFO 16169 --- [main] vn.com.director.Application              : WINDOWPATH=2
2020-08-17 23:58:05.764  INFO 16169 --- [main] vn.com.director.Application              : XAUTHORITY=/run/user/1000/gdm/Xauthority
2020-08-17 23:58:05.764  INFO 16169 --- [main] vn.com.director.Application              : XDG_CONFIG_DIRS=/etc/xdg/xdg-ubuntu:/etc/xdg
2020-08-17 23:58:05.764  INFO 16169 --- [main] vn.com.director.Application              : XDG_CURRENT_DESKTOP=ubuntu:GNOME
2020-08-17 23:58:05.764  INFO 16169 --- [main] vn.com.director.Application              : XDG_DATA_DIRS=/usr/share/ubuntu:/usr/local/share/:/usr/share/:/var/lib/snapd/desktop
2020-08-17 23:58:05.764  INFO 16169 --- [main] vn.com.director.Application              : XDG_MENU_PREFIX=gnome-
2020-08-17 23:58:05.764  INFO 16169 --- [main] vn.com.director.Application              : XDG_RUNTIME_DIR=/run/user/1000
2020-08-17 23:58:05.764  INFO 16169 --- [main] vn.com.director.Application              : XDG_SEAT=seat0
2020-08-17 23:58:05.764  INFO 16169 --- [main] vn.com.director.Application              : XDG_SESSION_DESKTOP=ubuntu
2020-08-17 23:58:05.764  INFO 16169 --- [main] vn.com.director.Application              : XDG_SESSION_ID=13
2020-08-17 23:58:05.765  INFO 16169 --- [main] vn.com.director.Application              : XDG_SESSION_TYPE=x11
2020-08-17 23:58:05.765  INFO 16169 --- [main] vn.com.director.Application              : XDG_VTNR=2
2020-08-17 23:58:05.765  INFO 16169 --- [main] vn.com.director.Application              : XMODIFIERS=@im=ibus
2020-08-17 23:58:05.765  INFO 16169 --- [main] vn.com.director.Application              : app.activemq.getStatus.destination=getstatus-queue
2020-08-17 23:58:05.765  INFO 16169 --- [main] vn.com.director.Application              : app.activemq.process.destination=processor-queue
2020-08-17 23:58:05.765  INFO 16169 --- [main] vn.com.director.Application              : app.clientInfo[1]=abc@123
2020-08-17 23:58:05.766  INFO 16169 --- [main] vn.com.director.Application              : app.gateWayTimeOut=5000
2020-08-17 23:58:05.766  INFO 16169 --- [main] vn.com.director.Application              : app.numberRetryGetStatus=30
2020-08-17 23:58:05.766  INFO 16169 --- [main] vn.com.director.Application              : app.secondProcessInLock=604800
2020-08-17 23:58:05.766  INFO 16169 --- [main] vn.com.director.Application              : app.secondSleepBeforeGetStatus=1000
2020-08-17 23:58:05.766  INFO 16169 --- [main] vn.com.director.Application              : app.secondTransLogInCache=604800
2020-08-17 23:58:05.766  INFO 16169 --- [main] vn.com.director.Application              : awt.toolkit=sun.awt.X11.XToolkit
2020-08-17 23:58:05.766  INFO 16169 --- [main] vn.com.director.Application              : catalina.base=/tmp/tomcat.6602251676006312247.8081
2020-08-17 23:58:05.766  INFO 16169 --- [main] vn.com.director.Application              : catalina.home=/tmp/tomcat.6602251676006312247.8081
2020-08-17 23:58:05.767  INFO 16169 --- [main] vn.com.director.Application              : catalina.useNaming=false
2020-08-17 23:58:05.767  INFO 16169 --- [main] vn.com.director.Application              : com.sun.management.jmxremote=
2020-08-17 23:58:05.767  INFO 16169 --- [main] vn.com.director.Application              : file.encoding=UTF-8
2020-08-17 23:58:05.767  INFO 16169 --- [main] vn.com.director.Application              : file.encoding.pkg=sun.io
2020-08-17 23:58:05.767  INFO 16169 --- [main] vn.com.director.Application              : file.separator=/
2020-08-17 23:58:05.767  INFO 16169 --- [main] vn.com.director.Application              : gateway.client.grpc.poolSize=2
2020-08-17 23:58:05.767  INFO 16169 --- [main] vn.com.director.Application              : gateway.client.grpc.target=159.65.13.169:8082
2020-08-17 23:58:05.768  INFO 16169 --- [main] vn.com.director.Application              : gateway.client.grpc.useSSL=false
2020-08-17 23:58:05.768  INFO 16169 --- [main] vn.com.director.Application              : gateway.clientID=1
2020-08-17 23:58:05.768  INFO 16169 --- [main] vn.com.director.Application              : gateway.clientKey=abc@123
2020-08-17 23:58:05.768  INFO 16169 --- [main] vn.com.director.Application              : gateway.numberRetry=30
2020-08-17 23:58:05.768  INFO 16169 --- [main] vn.com.director.Application              : gateway.timeSleep=1000
2020-08-17 23:58:05.768  INFO 16169 --- [main] vn.com.director.Application              : grpc.port=6566
2020-08-17 23:58:05.768  INFO 16169 --- [main] vn.com.director.Application              : java.awt.graphicsenv=sun.awt.X11GraphicsEnvironment
2020-08-17 23:58:05.769  INFO 16169 --- [main] vn.com.director.Application              : java.awt.headless=true
2020-08-17 23:58:05.769  INFO 16169 --- [main] vn.com.director.Application              : java.awt.printerjob=sun.print.PSPrinterJob
2020-08-17 23:58:05.769  INFO 16169 --- [main] vn.com.director.Application              : java.class.path=/usr/lib/jvm/java-1.8.0-openjdk-amd64/jre/lib/charsets.jar:/usr/lib/jvm/java-1.8.0-openjdk-amd64/jre/lib/ext/cldrdata.jar:/usr/lib/jvm/java-1.8.0-openjdk-amd64/jre/lib/ext/dnsns.jar:/usr/lib/jvm/java-1.8.0-openjdk-amd64/jre/lib/ext/icedtea-sound.jar:/usr/lib/jvm/java-1.8.0-openjdk-amd64/jre/lib/ext/jaccess.jar:/usr/lib/jvm/java-1.8.0-openjdk-amd64/jre/lib/ext/java-atk-wrapper.jar:/usr/lib/jvm/java-1.8.0-openjdk-amd64/jre/lib/ext/localedata.jar:/usr/lib/jvm/java-1.8.0-openjdk-amd64/jre/lib/ext/nashorn.jar:/usr/lib/jvm/java-1.8.0-openjdk-amd64/jre/lib/ext/sunec.jar:/usr/lib/jvm/java-1.8.0-openjdk-amd64/jre/lib/ext/sunjce_provider.jar:/usr/lib/jvm/java-1.8.0-openjdk-amd64/jre/lib/ext/sunpkcs11.jar:/usr/lib/jvm/java-1.8.0-openjdk-amd64/jre/lib/ext/zipfs.jar:/usr/lib/jvm/java-1.8.0-openjdk-amd64/jre/lib/jce.jar:/usr/lib/jvm/java-1.8.0-openjdk-amd64/jre/lib/jsse.jar:/usr/lib/jvm/java-1.8.0-openjdk-amd64/jre/lib/management-agent.jar:/usr/lib/jvm/java-1.8.0-openjdk-amd64/jre/lib/resources.jar:/usr/lib/jvm/java-1.8.0-openjdk-amd64/jre/lib/rt.jar:/home/thucnc/Documents/thesis/director-service/target/classes:/home/thucnc/.m2/repository/org/springframework/boot/spring-boot-starter-web/2.2.7.RELEASE/spring-boot-starter-web-2.2.7.RELEASE.jar:/home/thucnc/.m2/repository/org/springframework/boot/spring-boot-starter/2.2.7.RELEASE/spring-boot-starter-2.2.7.RELEASE.jar:/home/thucnc/.m2/repository/org/springframework/boot/spring-boot/2.2.7.RELEASE/spring-boot-2.2.7.RELEASE.jar:/home/thucnc/.m2/repository/org/springframework/boot/spring-boot-autoconfigure/2.2.7.RELEASE/spring-boot-autoconfigure-2.2.7.RELEASE.jar:/home/thucnc/.m2/repository/org/springframework/boot/spring-boot-starter-logging/2.2.7.RELEASE/spring-boot-starter-logging-2.2.7.RELEASE.jar:/home/thucnc/.m2/repository/ch/qos/logback/logback-classic/1.2.3/logback-classic-1.2.3.jar:/home/thucnc/.m2/repository/ch/qos/logback/logback-core/1.2.3/logback-core-1.2.3.jar:/home/thucnc/.m2/repository/org/apache/logging/log4j/log4j-to-slf4j/2.12.1/log4j-to-slf4j-2.12.1.jar:/home/thucnc/.m2/repository/org/apache/logging/log4j/log4j-api/2.12.1/log4j-api-2.12.1.jar:/home/thucnc/.m2/repository/org/slf4j/jul-to-slf4j/1.7.30/jul-to-slf4j-1.7.30.jar:/home/thucnc/.m2/repository/jakarta/annotation/jakarta.annotation-api/1.3.5/jakarta.annotation-api-1.3.5.jar:/home/thucnc/.m2/repository/org/springframework/spring-core/5.2.6.RELEASE/spring-core-5.2.6.RELEASE.jar:/home/thucnc/.m2/repository/org/springframework/spring-jcl/5.2.6.RELEASE/spring-jcl-5.2.6.RELEASE.jar:/home/thucnc/.m2/repository/org/yaml/snakeyaml/1.25/snakeyaml-1.25.jar:/home/thucnc/.m2/repository/org/springframework/boot/spring-boot-starter-json/2.2.7.RELEASE/spring-boot-starter-json-2.2.7.RELEASE.jar:/home/thucnc/.m2/repository/com/fasterxml/jackson/datatype/jackson-datatype-jdk8/2.10.4/jackson-datatype-jdk8-2.10.4.jar:/home/thucnc/.m2/repository/com/fasterxml/jackson/datatype/jackson-datatype-jsr310/2.10.4/jackson-datatype-jsr310-2.10.4.jar:/home/thucnc/.m2/repository/com/fasterxml/jackson/module/jackson-module-parameter-names/2.10.4/jackson-module-parameter-names-2.10.4.jar:/home/thucnc/.m2/repository/org/springframework/boot/spring-boot-starter-tomcat/2.2.7.RELEASE/spring-boot-starter-tomcat-2.2.7.RELEASE.jar:/home/thucnc/.m2/repository/org/apache/tomcat/embed/tomcat-embed-core/9.0.34/tomcat-embed-core-9.0.34.jar:/home/thucnc/.m2/repository/org/apache/tomcat/embed/tomcat-embed-el/9.0.34/tomcat-embed-el-9.0.34.jar:/home/thucnc/.m2/repository/org/apache/tomcat/embed/tomcat-embed-websocket/9.0.34/tomcat-embed-websocket-9.0.34.jar:/home/thucnc/.m2/repository/org/springframework/boot/spring-boot-starter-validation/2.2.7.RELEASE/spring-boot-starter-validation-2.2.7.RELEASE.jar:/home/thucnc/.m2/repository/jakarta/validation/jakarta.validation-api/2.0.2/jakarta.validation-api-2.0.2.jar:/home/thucnc/.m2/repository/org/hibernate/validator/hibernate-validator/6.0.19.Final/hibernate-validator-6.0.19.Final.jar:/home/thucnc/.m2/repository/org/jboss/logging/jboss-logging/3.4.1.Final/jboss-logging-3.4.1.Final.jar:/home/thucnc/.m2/repository/com/fasterxml/classmate/1.5.1/classmate-1.5.1.jar:/home/thucnc/.m2/repository/org/springframework/spring-web/5.2.6.RELEASE/spring-web-5.2.6.RELEASE.jar:/home/thucnc/.m2/repository/org/springframework/spring-beans/5.2.6.RELEASE/spring-beans-5.2.6.RELEASE.jar:/home/thucnc/.m2/repository/org/springframework/spring-webmvc/5.2.6.RELEASE/spring-webmvc-5.2.6.RELEASE.jar:/home/thucnc/.m2/repository/org/springframework/spring-aop/5.2.6.RELEASE/spring-aop-5.2.6.RELEASE.jar:/home/thucnc/.m2/repository/org/springframework/spring-expression/5.2.6.RELEASE/spring-expression-5.2.6.RELEASE.jar:/home/thucnc/.m2/repository/org/springframework/boot/spring-boot-starter-actuator/2.2.7.RELEASE/spring-boot-starter-actuator-2.2.7.RELEASE.jar:/home/thucnc/.m2/repository/org/springframework/boot/spring-boot-actuator-autoconfigure/2.2.7.RELEASE/spring-boot-actuator-autoconfigure-2.2.7.RELEASE.jar:/home/thucnc/.m2/repository/org/springframework/boot/spring-boot-actuator/2.2.7.RELEASE/spring-boot-actuator-2.2.7.RELEASE.jar:/home/thucnc/.m2/repository/io/micrometer/micrometer-core/1.3.8/micrometer-core-1.3.8.jar:/home/thucnc/.m2/repository/org/hdrhistogram/HdrHistogram/2.1.11/HdrHistogram-2.1.11.jar:/home/thucnc/.m2/repository/org/latencyutils/LatencyUtils/2.0.3/LatencyUtils-2.0.3.jar:/home/thucnc/.m2/repository/org/springframework/kafka/spring-kafka/2.3.8.RELEASE/spring-kafka-2.3.8.RELEASE.jar:/home/thucnc/.m2/repository/org/springframework/retry/spring-retry/1.2.5.RELEASE/spring-retry-1.2.5.RELEASE.jar:/home/thucnc/.m2/repository/org/springframework/spring-context/5.2.6.RELEASE/spring-context-5.2.6.RELEASE.jar:/home/thucnc/.m2/repository/org/springframework/spring-messaging/5.2.6.RELEASE/spring-messaging-5.2.6.RELEASE.jar:/home/thucnc/.m2/repository/org/springframework/spring-tx/5.2.6.RELEASE/spring-tx-5.2.6.RELEASE.jar:/home/thucnc/.m2/repository/org/apache/kafka/kafka-clients/2.3.1/kafka-clients-2.3.1.jar:/home/thucnc/.m2/repository/com/github/luben/zstd-jni/1.4.0-1/zstd-jni-1.4.0-1.jar:/home/thucnc/.m2/repository/org/lz4/lz4-java/1.6.0/lz4-java-1.6.0.jar:/home/thucnc/.m2/repository/org/xerial/snappy/snappy-java/1.1.7.3/snappy-java-1.1.7.3.jar:/home/thucnc/.m2/repository/org/slf4j/slf4j-api/1.7.30/slf4j-api-1.7.30.jar:/home/thucnc/.m2/repository/org/springframework/boot/spring-boot-starter-activemq/2.2.7.RELEASE/spring-boot-starter-activemq-2.2.7.RELEASE.jar:/home/thucnc/.m2/repository/org/springframework/spring-jms/5.2.6.RELEASE/spring-jms-5.2.6.RELEASE.jar:/home/thucnc/.m2/repository/org/apache/activemq/activemq-broker/5.15.12/activemq-broker-5.15.12.jar:/home/thucnc/.m2/repository/org/apache/activemq/activemq-client/5.15.12/activemq-client-5.15.12.jar:/home/thucnc/.m2/repository/org/fusesource/hawtbuf/hawtbuf/1.11/hawtbuf-1.11.jar:/home/thucnc/.m2/repository/org/apache/geronimo/specs/geronimo-j2ee-management_1.1_spec/1.0.1/geronimo-j2ee-management_1.1_spec-1.0.1.jar:/home/thucnc/.m2/repository/org/apache/activemq/activemq-openwire-legacy/5.15.12/activemq-openwire-legacy-5.15.12.jar:/home/thucnc/.m2/repository/jakarta/jms/jakarta.jms-api/2.0.3/jakarta.jms-api-2.0.3.jar:/home/thucnc/.m2/repository/org/redisson/redisson-spring-boot-starter/3.9.1/redisson-spring-boot-starter-3.9.1.jar:/home/thucnc/.m2/repository/org/springframework/boot/spring-boot-starter-data-redis/2.2.7.RELEASE/spring-boot-starter-data-redis-2.2.7.RELEASE.jar:/home/thucnc/.m2/repository/org/springframework/data/spring-data-redis/2.2.7.RELEASE/spring-data-redis-2.2.7.RELEASE.jar:/home/thucnc/.m2/repository/org/springframework/data/spring-data-keyvalue/2.2.7.RELEASE/spring-data-keyvalue-2.2.7.RELEASE.jar:/home/thucnc/.m2/repository/org/springframework/data/spring-data-commons/2.2.7.RELEASE/spring-data-commons-2.2.7.RELEASE.jar:/home/thucnc/.m2/repository/org/springframework/spring-oxm/5.2.6.RELEASE/spring-oxm-5.2.6.RELEASE.jar:/home/thucnc/.m2/repository/org/springframework/spring-context-support/5.2.6.RELEASE/spring-context-support-5.2.6.RELEASE.jar:/home/thucnc/.m2/repository/io/lettuce/lettuce-core/5.2.2.RELEASE/lettuce-core-5.2.2.RELEASE.jar:/home/thucnc/.m2/repository/org/redisson/redisson-spring-data-20/3.9.1/redisson-spring-data-20-3.9.1.jar:/home/thucnc/.m2/repository/org/lognet/grpc-spring-boot-starter/2.4.1/grpc-spring-boot-starter-2.4.1.jar:/home/thucnc/.m2/repository/io/grpc/grpc-all/1.22.1/grpc-all-1.22.1.jar:/home/thucnc/.m2/repository/io/grpc/grpc-api/1.22.1/grpc-api-1.22.1.jar:/home/thucnc/.m2/repository/com/google/code/findbugs/jsr305/3.0.2/jsr305-3.0.2.jar:/home/thucnc/.m2/repository/org/codehaus/mojo/animal-sniffer-annotations/1.17/animal-sniffer-annotations-1.17.jar:/home/thucnc/.m2/repository/io/grpc/grpc-auth/1.22.1/grpc-auth-1.22.1.jar:/home/thucnc/.m2/repository/com/google/auth/google-auth-library-credentials/0.13.0/google-auth-library-credentials-0.13.0.jar:/home/thucnc/.m2/repository/io/grpc/grpc-core/1.22.1/grpc-core-1.22.1.jar:/home/thucnc/.m2/repository/com/google/android/annotations/4.1.1.4/annotations-4.1.1.4.jar:/home/thucnc/.m2/repository/io/perfmark/perfmark-api/0.16.0/perfmark-api-0.16.0.jar:/home/thucnc/.m2/repository/io/opencensus/opencensus-api/0.21.0/opencensus-api-0.21.0.jar:/home/thucnc/.m2/repository/io/opencensus/opencensus-contrib-grpc-metrics/0.21.0/opencensus-contrib-grpc-metrics-0.21.0.jar:/home/thucnc/.m2/repository/io/grpc/grpc-context/1.22.1/grpc-context-1.22.1.jar:/home/thucnc/.m2/repository/io/grpc/grpc-netty/1.22.1/grpc-netty-1.22.1.jar:/home/thucnc/.m2/repository/io/netty/netty-codec-http2/4.1.35.Final/netty-codec-http2-4.1.35.Final.jar:/home/thucnc/.m2/repository/io/netty/netty-codec-http/4.1.35.Final/netty-codec-http-4.1.35.Final.jar:/home/thucnc/.m2/repository/io/netty/netty-handler-proxy/4.1.35.Final/netty-handler-proxy-4.1.35.Final.jar:/home/thucnc/.m2/repository/io/netty/netty-codec-socks/4.1.49.Final/netty-codec-socks-4.1.49.Final.jar:/home/thucnc/.m2/repository/io/grpc/grpc-okhttp/1.22.1/grpc-okhttp-1.22.1.jar:/home/thucnc/.m2/repository/com/squareup/okio/okio/1.13.0/okio-1.13.0.jar:/home/thucnc/.m2/repository/com/squareup/okhttp/okhttp/2.5.0/okhttp-2.5.0.jar:/home/thucnc/.m2/repository/io/grpc/grpc-protobuf/1.22.1/grpc-protobuf-1.22.1.jar:/home/thucnc/.m2/repository/io/grpc/grpc-protobuf-lite/1.22.1/grpc-protobuf-lite-1.22.1.jar:/home/thucnc/.m2/repository/io/grpc/grpc-stub/1.22.1/grpc-stub-1.22.1.jar:/home/thucnc/.m2/repository/io/grpc/grpc-testing/1.22.1/grpc-testing-1.22.1.jar:/home/thucnc/.m2/repository/junit/junit/4.12/junit-4.12.jar:/home/thucnc/.m2/repository/org/hamcrest/hamcrest-core/2.1/hamcrest-core-2.1.jar:/home/thucnc/.m2/repository/org/hamcrest/hamcrest/2.1/hamcrest-2.1.jar:/home/thucnc/.m2/repository/io/grpc/grpc-services/1.22.1/grpc-services-1.22.1.jar:/home/thucnc/.m2/repository/io/netty/netty-all/4.1.35.Final/netty-all-4.1.35.Final.jar:/home/thucnc/.m2/repository/io/netty/netty-tcnative/2.0.25.Final/netty-tcnative-2.0.25.Final.jar:/home/thucnc/.m2/repository/io/netty/netty-tcnative-boringssl-static/2.0.25.Final/netty-tcnative-boringssl-static-2.0.25.Final.jar:/home/thucnc/.m2/repository/com/google/protobuf/protobuf-java/3.7.1/protobuf-java-3.7.1.jar:/home/thucnc/.m2/repository/com/google/protobuf/protobuf-java-util/3.7.1/protobuf-java-util-3.7.1.jar:/home/thucnc/.m2/repository/com/google/errorprone/error_prone_annotations/2.3.2/error_prone_annotations-2.3.2.jar:/home/thucnc/.m2/repository/com/googlecode/protobuf-java-format/protobuf-java-format/1.4/protobuf-java-format-1.4.jar:/home/thucnc/.m2/repository/com/google/api/grpc/proto-google-common-protos/1.16.0/proto-google-common-protos-1.16.0.jar:/home/thucnc/.m2/repository/com/google/guava/guava/20.0/guava-20.0.jar:/home/thucnc/.m2/repository/com/google/code/gson/gson/2.8.5/gson-2.8.5.jar:/home/thucnc/.m2/repository/org/redisson/redisson/3.9.1/redisson-3.9.1.jar:/home/thucnc/.m2/repository/io/netty/netty-common/4.1.49.Final/netty-common-4.1.49.Final.jar:/home/thucnc/.m2/repository/io/netty/netty-codec/4.1.49.Final/netty-codec-4.1.49.Final.jar:/home/thucnc/.m2/repository/io/netty/netty-buffer/4.1.49.Final/netty-buffer-4.1.49.Final.jar:/home/thucnc/.m2/repository/io/netty/netty-transport/4.1.49.Final/netty-transport-4.1.49.Final.jar:/home/thucnc/.m2/repository/io/netty/netty-resolver/4.1.49.Final/netty-resolver-4.1.49.Final.jar:/home/thucnc/.m2/repository/io/netty/netty-resolver-dns/4.1.49.Final/netty-resolver-dns-4.1.49.Final.jar:/home/thucnc/.m2/repository/io/netty/netty-codec-dns/4.1.49.Final/netty-codec-dns-4.1.49.Final.jar:/home/thucnc/.m2/repository/io/netty/netty-handler/4.1.49.Final/netty-handler-4.1.49.Final.jar:/home/thucnc/.m2/repository/javax/cache/cache-api/1.1.1/cache-api-1.1.1.jar:/home/thucnc/.m2/repository/io/projectreactor/reactor-core/3.3.5.RELEASE/reactor-core-3.3.5.RELEASE.jar:/home/thucnc/.m2/repository/org/reactivestreams/reactive-streams/1.0.3/reactive-streams-1.0.3.jar:/home/thucnc/.m2/repository/io/reactivex/rxjava2/rxjava/2.2.19/rxjava-2.2.19.jar:/home/thucnc/.m2/repository/com/fasterxml/jackson/dataformat/jackson-dataformat-yaml/2.10.4/jackson-dataformat-yaml-2.10.4.jar:/home/thucnc/.m2/repository/com/fasterxml/jackson/core/jackson-core/2.10.4/jackson-core-2.10.4.jar:/home/thucnc/.m2/repository/com/fasterxml/jackson/core/jackson-databind/2.10.4/jackson-databind-2.10.4.jar:/home/thucnc/.m2/repository/com/fasterxml/jackson/core/jackson-annotations/2.10.4/jackson-annotations-2.10.4.jar:/home/thucnc/.m2/repository/net/bytebuddy/byte-buddy/1.10.10/byte-buddy-1.10.10.jar:/home/thucnc/.m2/repository/org/jodd/jodd-bean/3.7.1/jodd-bean-3.7.1.jar:/home/thucnc/.m2/repository/org/jodd/jodd-core/3.7.1/jodd-core-3.7.1.jar:/home/thucnc/.m2/repository/org/projectlombok/lombok/1.16.20/lombok-1.16.20.jar:/home/thucnc/.m2/repository/org/mapstruct/mapstruct-jdk8/1.2.0.Final/mapstruct-jdk8-1.2.0.Final.jar:/home/thucnc/.m2/repository/org/apache/commons/commons-lang3/3.7/commons-lang3-3.7.jar:/home/thucnc/.m2/repository/commons-codec/commons-codec/1.11/commons-codec-1.11.jar:/home/thucnc/.local/share/JetBrains/Toolbox/apps/IDEA-U/ch-0/202.6397.59/lib/idea_rt.jar
2020-08-17 23:58:05.769  INFO 16169 --- [main] vn.com.director.Application              : java.class.version=52.0
2020-08-17 23:58:05.769  INFO 16169 --- [main] vn.com.director.Application              : java.endorsed.dirs=/usr/lib/jvm/java-8-openjdk-amd64/jre/lib/endorsed
2020-08-17 23:58:05.769  INFO 16169 --- [main] vn.com.director.Application              : java.ext.dirs=/usr/lib/jvm/java-8-openjdk-amd64/jre/lib/ext:/usr/java/packages/lib/ext
2020-08-17 23:58:05.769  INFO 16169 --- [main] vn.com.director.Application              : java.home=/usr/lib/jvm/java-8-openjdk-amd64/jre
2020-08-17 23:58:05.770  INFO 16169 --- [main] vn.com.director.Application              : java.io.tmpdir=/tmp
2020-08-17 23:58:05.770  INFO 16169 --- [main] vn.com.director.Application              : java.library.path=/usr/java/packages/lib/amd64:/usr/lib/x86_64-linux-gnu/jni:/lib/x86_64-linux-gnu:/usr/lib/x86_64-linux-gnu:/usr/lib/jni:/lib:/usr/lib
2020-08-17 23:58:05.770  INFO 16169 --- [main] vn.com.director.Application              : java.rmi.server.randomIDs=true
2020-08-17 23:58:05.770  INFO 16169 --- [main] vn.com.director.Application              : java.runtime.name=OpenJDK Runtime Environment
2020-08-17 23:58:05.770  INFO 16169 --- [main] vn.com.director.Application              : java.runtime.version=1.8.0_265-8u265-b01-0ubuntu2~18.04-b01
2020-08-17 23:58:05.770  INFO 16169 --- [main] vn.com.director.Application              : java.specification.name=Java Platform API Specification
2020-08-17 23:58:05.770  INFO 16169 --- [main] vn.com.director.Application              : java.specification.vendor=Oracle Corporation
2020-08-17 23:58:05.770  INFO 16169 --- [main] vn.com.director.Application              : java.specification.version=1.8
2020-08-17 23:58:05.770  INFO 16169 --- [main] vn.com.director.Application              : java.vendor=Private Build
2020-08-17 23:58:05.771  INFO 16169 --- [main] vn.com.director.Application              : java.vendor.url=http://java.oracle.com/
2020-08-17 23:58:05.771  INFO 16169 --- [main] vn.com.director.Application              : java.vendor.url.bug=http://bugreport.sun.com/bugreport/
2020-08-17 23:58:05.771  INFO 16169 --- [main] vn.com.director.Application              : java.version=1.8.0_265
2020-08-17 23:58:05.771  INFO 16169 --- [main] vn.com.director.Application              : java.vm.info=mixed mode
2020-08-17 23:58:05.771  INFO 16169 --- [main] vn.com.director.Application              : java.vm.name=OpenJDK 64-Bit Server VM
2020-08-17 23:58:05.771  INFO 16169 --- [main] vn.com.director.Application              : java.vm.specification.name=Java Virtual Machine Specification
2020-08-17 23:58:05.771  INFO 16169 --- [main] vn.com.director.Application              : java.vm.specification.vendor=Oracle Corporation
2020-08-17 23:58:05.771  INFO 16169 --- [main] vn.com.director.Application              : java.vm.specification.version=1.8
2020-08-17 23:58:05.771  INFO 16169 --- [main] vn.com.director.Application              : java.vm.vendor=Private Build
2020-08-17 23:58:05.771  INFO 16169 --- [main] vn.com.director.Application              : java.vm.version=25.265-b01
2020-08-17 23:58:05.771  INFO 16169 --- [main] vn.com.director.Application              : kafka-producer-config.autoCommitIntervalMs=30000
2020-08-17 23:58:05.772  INFO 16169 --- [main] vn.com.director.Application              : kafka-producer-config.autoOffsetReset=earliest
2020-08-17 23:58:05.772  INFO 16169 --- [main] vn.com.director.Application              : kafka-producer-config.enableAutoCommit=true
2020-08-17 23:58:05.772  INFO 16169 --- [main] vn.com.director.Application              : kafka-producer-config.sessionTimeoutMs=30000
2020-08-17 23:58:05.772  INFO 16169 --- [main] vn.com.director.Application              : kafka-producer-config.webBackendBootstrapServers=159.65.140.204:9092
2020-08-17 23:58:05.772  INFO 16169 --- [main] vn.com.director.Application              : kafka-producer-config.webBackendResultTopic=status-topic
2020-08-17 23:58:05.772  INFO 16169 --- [main] vn.com.director.Application              : line.separator=

2020-08-17 23:58:05.772  INFO 16169 --- [main] vn.com.director.Application              : local.grpc.port=6566
2020-08-17 23:58:05.772  INFO 16169 --- [main] vn.com.director.Application              : os.arch=amd64
2020-08-17 23:58:05.772  INFO 16169 --- [main] vn.com.director.Application              : os.name=Linux
2020-08-17 23:58:05.772  INFO 16169 --- [main] vn.com.director.Application              : os.version=4.15.0-112-generic
2020-08-17 23:58:05.772  INFO 16169 --- [main] vn.com.director.Application              : path.separator=:
2020-08-17 23:58:05.773  INFO 16169 --- [main] vn.com.director.Application              : server.port=8081
2020-08-17 23:58:05.773  INFO 16169 --- [main] vn.com.director.Application              : spring.activemq.broker-url=tcp://localhost:61616
2020-08-17 23:58:05.773  INFO 16169 --- [main] vn.com.director.Application              : spring.activemq.packages.trust-all=true
2020-08-17 23:58:05.773  INFO 16169 --- [main] vn.com.director.Application              : spring.application.admin.enabled=true
2020-08-17 23:58:05.773  INFO 16169 --- [main] vn.com.director.Application              : spring.application.name=director-service
2020-08-17 23:58:05.773  INFO 16169 --- [main] vn.com.director.Application              : spring.beaninfo.ignore=true
2020-08-17 23:58:05.773  INFO 16169 --- [main] vn.com.director.Application              : spring.jmx.enabled=true
2020-08-17 23:58:05.773  INFO 16169 --- [main] vn.com.director.Application              : spring.kafka.listener.concurrency=4
2020-08-17 23:58:05.774  INFO 16169 --- [main] vn.com.director.Application              : spring.kafka.producer.acks=all
2020-08-17 23:58:05.774  INFO 16169 --- [main] vn.com.director.Application              : spring.kafka.producer.batch-size=200
2020-08-17 23:58:05.774  INFO 16169 --- [main] vn.com.director.Application              : spring.kafka.producer.bootstrap-servers=159.65.140.204:9092
2020-08-17 23:58:05.774  INFO 16169 --- [main] vn.com.director.Application              : spring.kafka.producer.buffer-memory=33554432
2020-08-17 23:58:05.775  INFO 16169 --- [main] vn.com.director.Application              : spring.kafka.producer.key-serializer=org.apache.kafka.common.serialization.StringSerializer
2020-08-17 23:58:05.775  INFO 16169 --- [main] vn.com.director.Application              : spring.kafka.producer.properties.linger.ms=0
2020-08-17 23:58:05.775  INFO 16169 --- [main] vn.com.director.Application              : spring.kafka.producer.properties.retry.backoff.ms=60000
2020-08-17 23:58:05.775  INFO 16169 --- [main] vn.com.director.Application              : spring.kafka.producer.retries=3
2020-08-17 23:58:05.775  INFO 16169 --- [main] vn.com.director.Application              : spring.kafka.producer.value-serializer=org.apache.kafka.common.serialization.StringSerializer
2020-08-17 23:58:05.775  INFO 16169 --- [main] vn.com.director.Application              : spring.liveBeansView.mbeanDomain=
2020-08-17 23:58:05.775  INFO 16169 --- [main] vn.com.director.Application              : spring.output.ansi.enabled=always
2020-08-17 23:58:05.775  INFO 16169 --- [main] vn.com.director.Application              : spring.profiles.active=local
2020-08-17 23:58:05.776  INFO 16169 --- [main] vn.com.director.Application              : spring.redis.host=178.128.101.216
2020-08-17 23:58:05.776  INFO 16169 --- [main] vn.com.director.Application              : spring.redis.port=6379
2020-08-17 23:58:05.776  INFO 16169 --- [main] vn.com.director.Application              : spring.redis.timeout=1000ms
2020-08-17 23:58:05.776  INFO 16169 --- [main] vn.com.director.Application              : sun.arch.data.model=64
2020-08-17 23:58:05.776  INFO 16169 --- [main] vn.com.director.Application              : sun.boot.class.path=/usr/lib/jvm/java-8-openjdk-amd64/jre/lib/resources.jar:/usr/lib/jvm/java-8-openjdk-amd64/jre/lib/rt.jar:/usr/lib/jvm/java-8-openjdk-amd64/jre/lib/sunrsasign.jar:/usr/lib/jvm/java-8-openjdk-amd64/jre/lib/jsse.jar:/usr/lib/jvm/java-8-openjdk-amd64/jre/lib/jce.jar:/usr/lib/jvm/java-8-openjdk-amd64/jre/lib/charsets.jar:/usr/lib/jvm/java-8-openjdk-amd64/jre/lib/jfr.jar:/usr/lib/jvm/java-8-openjdk-amd64/jre/classes
2020-08-17 23:58:05.776  INFO 16169 --- [main] vn.com.director.Application              : sun.boot.library.path=/usr/lib/jvm/java-8-openjdk-amd64/jre/lib/amd64
2020-08-17 23:58:05.776  INFO 16169 --- [main] vn.com.director.Application              : sun.cpu.endian=little
2020-08-17 23:58:05.776  INFO 16169 --- [main] vn.com.director.Application              : sun.cpu.isalist=
2020-08-17 23:58:05.777  INFO 16169 --- [main] vn.com.director.Application              : sun.desktop=gnome
2020-08-17 23:58:05.777  INFO 16169 --- [main] vn.com.director.Application              : sun.io.unicode.encoding=UnicodeLittle
2020-08-17 23:58:05.777  INFO 16169 --- [main] vn.com.director.Application              : sun.java.command=vn.com.director.Application
2020-08-17 23:58:05.777  INFO 16169 --- [main] vn.com.director.Application              : sun.java.launcher=SUN_STANDARD
2020-08-17 23:58:05.777  INFO 16169 --- [main] vn.com.director.Application              : sun.jnu.encoding=UTF-8
2020-08-17 23:58:05.777  INFO 16169 --- [main] vn.com.director.Application              : sun.management.compiler=HotSpot 64-Bit Tiered Compilers
2020-08-17 23:58:05.777  INFO 16169 --- [main] vn.com.director.Application              : sun.nio.ch.bugLevel=
2020-08-17 23:58:05.777  INFO 16169 --- [main] vn.com.director.Application              : sun.os.patch.level=unknown
2020-08-17 23:58:05.777  INFO 16169 --- [main] vn.com.director.Application              : user.country=US
2020-08-17 23:58:05.777  INFO 16169 --- [main] vn.com.director.Application              : user.dir=/home/thucnc/Documents/thesis/director-service
2020-08-17 23:58:05.778  INFO 16169 --- [main] vn.com.director.Application              : user.home=/home/thucnc
2020-08-17 23:58:05.778  INFO 16169 --- [main] vn.com.director.Application              : user.language=en
2020-08-17 23:58:05.778  INFO 16169 --- [main] vn.com.director.Application              : user.name=thucnc
2020-08-17 23:58:05.778  INFO 16169 --- [main] vn.com.director.Application              : user.timezone=Asia/Ho_Chi_Minh
2020-08-17 23:58:05.778  INFO 16169 --- [main] vn.com.director.Application              : ========================================================
2020-08-17 23:58:05.811  INFO 16169 --- [main] o.s.b.w.embedded.tomcat.TomcatWebServer  : Tomcat started on port(s): 8081 (http) with context path ''
2020-08-17 23:58:05.816  INFO 16169 --- [main] vn.com.director.Application              : Started Application in 3.372 seconds (JVM running for 4.001)
2020-08-17 23:58:05.821  INFO 16169 --- [main] o.l.springboot.grpc.GRpcServerRunner     : Starting gRPC Server ...
2020-08-17 23:58:05.859  INFO 16169 --- [main] o.l.springboot.grpc.GRpcServerRunner     : 'vn.com.director.controller.DirectController' service has been registered.
2020-08-17 23:58:05.885  INFO 16169 --- [main] o.l.springboot.grpc.GRpcServerRunner     : gRPC Server started, listening on port 6566.
2020-08-17 23:58:06.350  INFO 16169 --- [RMI TCP Connection(1)-127.0.0.1] o.a.c.c.C.[Tomcat].[localhost].[/]       : Initializing Spring DispatcherServlet 'dispatcherServlet'
2020-08-17 23:58:06.350  INFO 16169 --- [RMI TCP Connection(1)-127.0.0.1] o.s.web.servlet.DispatcherServlet        : Initializing Servlet 'dispatcherServlet'
2020-08-17 23:58:06.353  WARN 16169 --- [RMI TCP Connection(2)-127.0.0.1] o.s.boot.actuate.jms.JmsHealthIndicator  : JMS health check failed

javax.jms.JMSException: Could not connect to broker URL: tcp://localhost:61616. Reason: java.net.ConnectException: Connection refused (Connection refused)
	at org.apache.activemq.util.JMSExceptionSupport.create(JMSExceptionSupport.java:36)
	at org.apache.activemq.ActiveMQConnectionFactory.createActiveMQConnection(ActiveMQConnectionFactory.java:374)
	at org.apache.activemq.ActiveMQConnectionFactory.createActiveMQConnection(ActiveMQConnectionFactory.java:304)
	at org.apache.activemq.ActiveMQConnectionFactory.createConnection(ActiveMQConnectionFactory.java:244)
	at org.springframework.jms.connection.SingleConnectionFactory.doCreateConnection(SingleConnectionFactory.java:409)
	at org.springframework.jms.connection.SingleConnectionFactory.initConnection(SingleConnectionFactory.java:349)
	at org.springframework.jms.connection.SingleConnectionFactory.getConnection(SingleConnectionFactory.java:327)
	at org.springframework.jms.connection.SingleConnectionFactory.createConnection(SingleConnectionFactory.java:242)
	at org.springframework.boot.actuate.jms.JmsHealthIndicator.doHealthCheck(JmsHealthIndicator.java:52)
	at org.springframework.boot.actuate.health.AbstractHealthIndicator.health(AbstractHealthIndicator.java:82)
	at org.springframework.boot.actuate.health.HealthIndicator.getHealth(HealthIndicator.java:37)
	at org.springframework.boot.actuate.health.HealthEndpoint.getHealth(HealthEndpoint.java:81)
	at org.springframework.boot.actuate.health.HealthEndpoint.getHealth(HealthEndpoint.java:38)
	at org.springframework.boot.actuate.health.HealthEndpointSupport.getContribution(HealthEndpointSupport.java:108)
	at org.springframework.boot.actuate.health.HealthEndpointSupport.getAggregateHealth(HealthEndpointSupport.java:119)
	at org.springframework.boot.actuate.health.HealthEndpointSupport.getContribution(HealthEndpointSupport.java:105)
	at org.springframework.boot.actuate.health.HealthEndpointSupport.getHealth(HealthEndpointSupport.java:83)
	at org.springframework.boot.actuate.health.HealthEndpointSupport.getHealth(HealthEndpointSupport.java:70)
	at org.springframework.boot.actuate.health.HealthEndpoint.health(HealthEndpoint.java:75)
	at org.springframework.boot.actuate.health.HealthEndpoint.health(HealthEndpoint.java:65)
	at sun.reflect.NativeMethodAccessorImpl.invoke0(Native Method)
	at sun.reflect.NativeMethodAccessorImpl.invoke(NativeMethodAccessorImpl.java:62)
	at sun.reflect.DelegatingMethodAccessorImpl.invoke(DelegatingMethodAccessorImpl.java:43)
	at java.lang.reflect.Method.invoke(Method.java:498)
	at org.springframework.util.ReflectionUtils.invokeMethod(ReflectionUtils.java:282)
	at org.springframework.boot.actuate.endpoint.invoke.reflect.ReflectiveOperationInvoker.invoke(ReflectiveOperationInvoker.java:77)
	at org.springframework.boot.actuate.endpoint.annotation.AbstractDiscoveredOperation.invoke(AbstractDiscoveredOperation.java:60)
	at org.springframework.boot.actuate.endpoint.jmx.EndpointMBean.invoke(EndpointMBean.java:121)
	at org.springframework.boot.actuate.endpoint.jmx.EndpointMBean.invoke(EndpointMBean.java:96)
	at com.sun.jmx.interceptor.DefaultMBeanServerInterceptor.invoke(DefaultMBeanServerInterceptor.java:819)
	at com.sun.jmx.mbeanserver.JmxMBeanServer.invoke(JmxMBeanServer.java:801)
	at javax.management.remote.rmi.RMIConnectionImpl.doOperation(RMIConnectionImpl.java:1468)
	at javax.management.remote.rmi.RMIConnectionImpl.access$300(RMIConnectionImpl.java:76)
	at javax.management.remote.rmi.RMIConnectionImpl$PrivilegedOperation.run(RMIConnectionImpl.java:1309)
	at javax.management.remote.rmi.RMIConnectionImpl.doPrivilegedOperation(RMIConnectionImpl.java:1401)
	at javax.management.remote.rmi.RMIConnectionImpl.invoke(RMIConnectionImpl.java:829)
	at sun.reflect.GeneratedMethodAccessor47.invoke(Unknown Source)
	at sun.reflect.DelegatingMethodAccessorImpl.invoke(DelegatingMethodAccessorImpl.java:43)
	at java.lang.reflect.Method.invoke(Method.java:498)
	at sun.rmi.server.UnicastServerRef.dispatch(UnicastServerRef.java:357)
	at sun.rmi.transport.Transport$1.run(Transport.java:200)
	at sun.rmi.transport.Transport$1.run(Transport.java:197)
	at java.security.AccessController.doPrivileged(Native Method)
	at sun.rmi.transport.Transport.serviceCall(Transport.java:196)
	at sun.rmi.transport.tcp.TCPTransport.handleMessages(TCPTransport.java:573)
	at sun.rmi.transport.tcp.TCPTransport$ConnectionHandler.run0(TCPTransport.java:834)
	at sun.rmi.transport.tcp.TCPTransport$ConnectionHandler.lambda$run$0(TCPTransport.java:688)
	at java.security.AccessController.doPrivileged(Native Method)
	at sun.rmi.transport.tcp.TCPTransport$ConnectionHandler.run(TCPTransport.java:687)
	at java.util.concurrent.ThreadPoolExecutor.runWorker(ThreadPoolExecutor.java:1149)
	at java.util.concurrent.ThreadPoolExecutor$Worker.run(ThreadPoolExecutor.java:624)
	at java.lang.Thread.run(Thread.java:748)
Caused by: java.net.ConnectException: Connection refused (Connection refused)
	at java.net.PlainSocketImpl.socketConnect(Native Method)
	at java.net.AbstractPlainSocketImpl.doConnect(AbstractPlainSocketImpl.java:350)
	at java.net.AbstractPlainSocketImpl.connectToAddress(AbstractPlainSocketImpl.java:206)
	at java.net.AbstractPlainSocketImpl.connect(AbstractPlainSocketImpl.java:188)
	at java.net.SocksSocketImpl.connect(SocksSocketImpl.java:392)
	at java.net.Socket.connect(Socket.java:607)
	at org.apache.activemq.transport.tcp.TcpTransport.connect(TcpTransport.java:525)
	at org.apache.activemq.transport.tcp.TcpTransport.doStart(TcpTransport.java:488)
	at org.apache.activemq.util.ServiceSupport.start(ServiceSupport.java:55)
	at org.apache.activemq.transport.AbstractInactivityMonitor.start(AbstractInactivityMonitor.java:169)
	at org.apache.activemq.transport.InactivityMonitor.start(InactivityMonitor.java:52)
	at org.apache.activemq.transport.TransportFilter.start(TransportFilter.java:64)
	at org.apache.activemq.transport.WireFormatNegotiator.start(WireFormatNegotiator.java:72)
	at org.apache.activemq.transport.TransportFilter.start(TransportFilter.java:64)
	at org.apache.activemq.transport.TransportFilter.start(TransportFilter.java:64)
	at org.apache.activemq.ActiveMQConnectionFactory.createActiveMQConnection(ActiveMQConnectionFactory.java:354)
	... 50 common frames omitted

2020-08-17 23:58:06.357  INFO 16169 --- [RMI TCP Connection(1)-127.0.0.1] o.s.web.servlet.DispatcherServlet        : Completed initialization in 7 ms
2020-08-17 23:58:06.482  INFO 16169 --- [boundedElastic-1] io.lettuce.core.EpollProvider            : Starting with epoll library
2020-08-17 23:58:06.484  INFO 16169 --- [boundedElastic-1] io.lettuce.core.KqueueProvider           : Starting without optional kqueue library
2020-08-17 23:58:10.749 ERROR 16169 --- [DefaultMessageListenerContainer-1] o.s.j.l.DefaultMessageListenerContainer  : Could not refresh JMS Connection for destination 'getstatus-queue' - retrying using FixedBackOff{interval=5000, currentAttempts=0, maxAttempts=unlimited}. Cause: Could not connect to broker URL: tcp://localhost:61616. Reason: java.net.ConnectException: Connection refused (Connection refused)
2020-08-17 23:58:10.753 ERROR 16169 --- [DefaultMessageListenerContainer-1] o.s.j.l.DefaultMessageListenerContainer  : Could not refresh JMS Connection for destination 'processor-queue' - retrying using FixedBackOff{interval=5000, currentAttempts=0, maxAttempts=unlimited}. Cause: Could not connect to broker URL: tcp://localhost:61616. Reason: java.net.ConnectException: Connection refused (Connection refused)
2020-08-17 23:58:15.754 ERROR 16169 --- [DefaultMessageListenerContainer-1] o.s.j.l.DefaultMessageListenerContainer  : Could not refresh JMS Connection for destination 'getstatus-queue' - retrying using FixedBackOff{interval=5000, currentAttempts=1, maxAttempts=unlimited}. Cause: Could not connect to broker URL: tcp://localhost:61616. Reason: java.net.ConnectException: Connection refused (Connection refused)
2020-08-17 23:58:15.758 ERROR 16169 --- [DefaultMessageListenerContainer-1] o.s.j.l.DefaultMessageListenerContainer  : Could not refresh JMS Connection for destination 'processor-queue' - retrying using FixedBackOff{interval=5000, currentAttempts=1, maxAttempts=unlimited}. Cause: Could not connect to broker URL: tcp://localhost:61616. Reason: java.net.ConnectException: Connection refused (Connection refused)
2020-08-17 23:58:20.759 ERROR 16169 --- [DefaultMessageListenerContainer-1] o.s.j.l.DefaultMessageListenerContainer  : Could not refresh JMS Connection for destination 'getstatus-queue' - retrying using FixedBackOff{interval=5000, currentAttempts=2, maxAttempts=unlimited}. Cause: Could not connect to broker URL: tcp://localhost:61616. Reason: java.net.ConnectException: Connection refused (Connection refused)
2020-08-17 23:58:20.764 ERROR 16169 --- [DefaultMessageListenerContainer-1] o.s.j.l.DefaultMessageListenerContainer  : Could not refresh JMS Connection for destination 'processor-queue' - retrying using FixedBackOff{interval=5000, currentAttempts=2, maxAttempts=unlimited}. Cause: Could not connect to broker URL: tcp://localhost:61616. Reason: java.net.ConnectException: Connection refused (Connection refused)
2020-08-17 23:58:25.762 ERROR 16169 --- [DefaultMessageListenerContainer-1] o.s.j.l.DefaultMessageListenerContainer  : Could not refresh JMS Connection for destination 'getstatus-queue' - retrying using FixedBackOff{interval=5000, currentAttempts=3, maxAttempts=unlimited}. Cause: Could not connect to broker URL: tcp://localhost:61616. Reason: java.net.ConnectException: Connection refused (Connection refused)
2020-08-17 23:58:25.766 ERROR 16169 --- [DefaultMessageListenerContainer-1] o.s.j.l.DefaultMessageListenerContainer  : Could not refresh JMS Connection for destination 'processor-queue' - retrying using FixedBackOff{interval=5000, currentAttempts=3, maxAttempts=unlimited}. Cause: Could not connect to broker URL: tcp://localhost:61616. Reason: java.net.ConnectException: Connection refused (Connection refused)
2020-08-17 23:58:30.767 ERROR 16169 --- [DefaultMessageListenerContainer-1] o.s.j.l.DefaultMessageListenerContainer  : Could not refresh JMS Connection for destination 'getstatus-queue' - retrying using FixedBackOff{interval=5000, currentAttempts=4, maxAttempts=unlimited}. Cause: Could not connect to broker URL: tcp://localhost:61616. Reason: java.net.ConnectException: Connection refused (Connection refused)
2020-08-17 23:58:30.772 ERROR 16169 --- [DefaultMessageListenerContainer-1] o.s.j.l.DefaultMessageListenerContainer  : Could not refresh JMS Connection for destination 'processor-queue' - retrying using FixedBackOff{interval=5000, currentAttempts=4, maxAttempts=unlimited}. Cause: Could not connect to broker URL: tcp://localhost:61616. Reason: java.net.ConnectException: Connection refused (Connection refused)
2020-08-17 23:58:35.774 ERROR 16169 --- [DefaultMessageListenerContainer-1] o.s.j.l.DefaultMessageListenerContainer  : Could not refresh JMS Connection for destination 'getstatus-queue' - retrying using FixedBackOff{interval=5000, currentAttempts=5, maxAttempts=unlimited}. Cause: Could not connect to broker URL: tcp://localhost:61616. Reason: java.net.ConnectException: Connection refused (Connection refused)
2020-08-17 23:58:35.777 ERROR 16169 --- [DefaultMessageListenerContainer-1] o.s.j.l.DefaultMessageListenerContainer  : Could not refresh JMS Connection for destination 'processor-queue' - retrying using FixedBackOff{interval=5000, currentAttempts=5, maxAttempts=unlimited}. Cause: Could not connect to broker URL: tcp://localhost:61616. Reason: java.net.ConnectException: Connection refused (Connection refused)
2020-08-17 23:58:40.781 ERROR 16169 --- [DefaultMessageListenerContainer-1] o.s.j.l.DefaultMessageListenerContainer  : Could not refresh JMS Connection for destination 'getstatus-queue' - retrying using FixedBackOff{interval=5000, currentAttempts=6, maxAttempts=unlimited}. Cause: Could not connect to broker URL: tcp://localhost:61616. Reason: java.net.ConnectException: Connection refused (Connection refused)
2020-08-17 23:58:40.783 ERROR 16169 --- [DefaultMessageListenerContainer-1] o.s.j.l.DefaultMessageListenerContainer  : Could not refresh JMS Connection for destination 'processor-queue' - retrying using FixedBackOff{interval=5000, currentAttempts=6, maxAttempts=unlimited}. Cause: Could not connect to broker URL: tcp://localhost:61616. Reason: java.net.ConnectException: Connection refused (Connection refused)
2020-08-17 23:58:45.784 ERROR 16169 --- [DefaultMessageListenerContainer-1] o.s.j.l.DefaultMessageListenerContainer  : Could not refresh JMS Connection for destination 'getstatus-queue' - retrying using FixedBackOff{interval=5000, currentAttempts=7, maxAttempts=unlimited}. Cause: Could not connect to broker URL: tcp://localhost:61616. Reason: java.net.ConnectException: Connection refused (Connection refused)
2020-08-17 23:58:45.788 ERROR 16169 --- [DefaultMessageListenerContainer-1] o.s.j.l.DefaultMessageListenerContainer  : Could not refresh JMS Connection for destination 'processor-queue' - retrying using FixedBackOff{interval=5000, currentAttempts=7, maxAttempts=unlimited}. Cause: Could not connect to broker URL: tcp://localhost:61616. Reason: java.net.ConnectException: Connection refused (Connection refused)
2020-08-17 23:58:50.787 ERROR 16169 --- [DefaultMessageListenerContainer-1] o.s.j.l.DefaultMessageListenerContainer  : Could not refresh JMS Connection for destination 'getstatus-queue' - retrying using FixedBackOff{interval=5000, currentAttempts=8, maxAttempts=unlimited}. Cause: Could not connect to broker URL: tcp://localhost:61616. Reason: java.net.ConnectException: Connection refused (Connection refused)
2020-08-17 23:58:50.790 ERROR 16169 --- [DefaultMessageListenerContainer-1] o.s.j.l.DefaultMessageListenerContainer  : Could not refresh JMS Connection for destination 'processor-queue' - retrying using FixedBackOff{interval=5000, currentAttempts=8, maxAttempts=unlimited}. Cause: Could not connect to broker URL: tcp://localhost:61616. Reason: java.net.ConnectException: Connection refused (Connection refused)
2020-08-17 23:58:55.789 ERROR 16169 --- [DefaultMessageListenerContainer-1] o.s.j.l.DefaultMessageListenerContainer  : Could not refresh JMS Connection for destination 'getstatus-queue' - retrying using FixedBackOff{interval=5000, currentAttempts=9, maxAttempts=unlimited}. Cause: Could not connect to broker URL: tcp://localhost:61616. Reason: java.net.ConnectException: Connection refused (Connection refused)
2020-08-17 23:58:55.792 ERROR 16169 --- [DefaultMessageListenerContainer-1] o.s.j.l.DefaultMessageListenerContainer  : Could not refresh JMS Connection for destination 'processor-queue' - retrying using FixedBackOff{interval=5000, currentAttempts=9, maxAttempts=unlimited}. Cause: Could not connect to broker URL: tcp://localhost:61616. Reason: java.net.ConnectException: Connection refused (Connection refused)
2020-08-17 23:59:00.793 ERROR 16169 --- [DefaultMessageListenerContainer-1] o.s.j.l.DefaultMessageListenerContainer  : Could not refresh JMS Connection for destination 'getstatus-queue' - retrying using FixedBackOff{interval=5000, currentAttempts=10, maxAttempts=unlimited}. Cause: Could not connect to broker URL: tcp://localhost:61616. Reason: java.net.ConnectException: Connection refused (Connection refused)
2020-08-17 23:59:00.796 ERROR 16169 --- [DefaultMessageListenerContainer-1] o.s.j.l.DefaultMessageListenerContainer  : Could not refresh JMS Connection for destination 'processor-queue' - retrying using FixedBackOff{interval=5000, currentAttempts=10, maxAttempts=unlimited}. Cause: Could not connect to broker URL: tcp://localhost:61616. Reason: java.net.ConnectException: Connection refused (Connection refused)
2020-08-17 23:59:05.798 ERROR 16169 --- [DefaultMessageListenerContainer-1] o.s.j.l.DefaultMessageListenerContainer  : Could not refresh JMS Connection for destination 'getstatus-queue' - retrying using FixedBackOff{interval=5000, currentAttempts=11, maxAttempts=unlimited}. Cause: Could not connect to broker URL: tcp://localhost:61616. Reason: java.net.ConnectException: Connection refused (Connection refused)
2020-08-17 23:59:05.801 ERROR 16169 --- [DefaultMessageListenerContainer-1] o.s.j.l.DefaultMessageListenerContainer  : Could not refresh JMS Connection for destination 'processor-queue' - retrying using FixedBackOff{interval=5000, currentAttempts=11, maxAttempts=unlimited}. Cause: Could not connect to broker URL: tcp://localhost:61616. Reason: java.net.ConnectException: Connection refused (Connection refused)
2020-08-17 23:59:10.800 ERROR 16169 --- [DefaultMessageListenerContainer-1] o.s.j.l.DefaultMessageListenerContainer  : Could not refresh JMS Connection for destination 'getstatus-queue' - retrying using FixedBackOff{interval=5000, currentAttempts=12, maxAttempts=unlimited}. Cause: Could not connect to broker URL: tcp://localhost:61616. Reason: java.net.ConnectException: Connection refused (Connection refused)
2020-08-17 23:59:10.803 ERROR 16169 --- [DefaultMessageListenerContainer-1] o.s.j.l.DefaultMessageListenerContainer  : Could not refresh JMS Connection for destination 'processor-queue' - retrying using FixedBackOff{interval=5000, currentAttempts=12, maxAttempts=unlimited}. Cause: Could not connect to broker URL: tcp://localhost:61616. Reason: java.net.ConnectException: Connection refused (Connection refused)
2020-08-17 23:59:15.804 ERROR 16169 --- [DefaultMessageListenerContainer-1] o.s.j.l.DefaultMessageListenerContainer  : Could not refresh JMS Connection for destination 'getstatus-queue' - retrying using FixedBackOff{interval=5000, currentAttempts=13, maxAttempts=unlimited}. Cause: Could not connect to broker URL: tcp://localhost:61616. Reason: java.net.ConnectException: Connection refused (Connection refused)
2020-08-17 23:59:15.806 ERROR 16169 --- [DefaultMessageListenerContainer-1] o.s.j.l.DefaultMessageListenerContainer  : Could not refresh JMS Connection for destination 'processor-queue' - retrying using FixedBackOff{interval=5000, currentAttempts=13, maxAttempts=unlimited}. Cause: Could not connect to broker URL: tcp://localhost:61616. Reason: java.net.ConnectException: Connection refused (Connection refused)
2020-08-17 23:59:20.808 ERROR 16169 --- [DefaultMessageListenerContainer-1] o.s.j.l.DefaultMessageListenerContainer  : Could not refresh JMS Connection for destination 'getstatus-queue' - retrying using FixedBackOff{interval=5000, currentAttempts=14, maxAttempts=unlimited}. Cause: Could not connect to broker URL: tcp://localhost:61616. Reason: java.net.ConnectException: Connection refused (Connection refused)
2020-08-17 23:59:20.811 ERROR 16169 --- [DefaultMessageListenerContainer-1] o.s.j.l.DefaultMessageListenerContainer  : Could not refresh JMS Connection for destination 'processor-queue' - retrying using FixedBackOff{interval=5000, currentAttempts=14, maxAttempts=unlimited}. Cause: Could not connect to broker URL: tcp://localhost:61616. Reason: java.net.ConnectException: Connection refused (Connection refused)
2020-08-17 23:59:25.812 ERROR 16169 --- [DefaultMessageListenerContainer-1] o.s.j.l.DefaultMessageListenerContainer  : Could not refresh JMS Connection for destination 'getstatus-queue' - retrying using FixedBackOff{interval=5000, currentAttempts=15, maxAttempts=unlimited}. Cause: Could not connect to broker URL: tcp://localhost:61616. Reason: java.net.ConnectException: Connection refused (Connection refused)
2020-08-17 23:59:25.815 ERROR 16169 --- [DefaultMessageListenerContainer-1] o.s.j.l.DefaultMessageListenerContainer  : Could not refresh JMS Connection for destination 'processor-queue' - retrying using FixedBackOff{interval=5000, currentAttempts=15, maxAttempts=unlimited}. Cause: Could not connect to broker URL: tcp://localhost:61616. Reason: java.net.ConnectException: Connection refused (Connection refused)
2020-08-17 23:59:30.816 ERROR 16169 --- [DefaultMessageListenerContainer-1] o.s.j.l.DefaultMessageListenerContainer  : Could not refresh JMS Connection for destination 'getstatus-queue' - retrying using FixedBackOff{interval=5000, currentAttempts=16, maxAttempts=unlimited}. Cause: Could not connect to broker URL: tcp://localhost:61616. Reason: java.net.ConnectException: Connection refused (Connection refused)
2020-08-17 23:59:30.820 ERROR 16169 --- [DefaultMessageListenerContainer-1] o.s.j.l.DefaultMessageListenerContainer  : Could not refresh JMS Connection for destination 'processor-queue' - retrying using FixedBackOff{interval=5000, currentAttempts=16, maxAttempts=unlimited}. Cause: Could not connect to broker URL: tcp://localhost:61616. Reason: java.net.ConnectException: Connection refused (Connection refused)
2020-08-17 23:59:35.822 ERROR 16169 --- [DefaultMessageListenerContainer-1] o.s.j.l.DefaultMessageListenerContainer  : Could not refresh JMS Connection for destination 'getstatus-queue' - retrying using FixedBackOff{interval=5000, currentAttempts=17, maxAttempts=unlimited}. Cause: Could not connect to broker URL: tcp://localhost:61616. Reason: java.net.ConnectException: Connection refused (Connection refused)
2020-08-17 23:59:35.824 ERROR 16169 --- [DefaultMessageListenerContainer-1] o.s.j.l.DefaultMessageListenerContainer  : Could not refresh JMS Connection for destination 'processor-queue' - retrying using FixedBackOff{interval=5000, currentAttempts=17, maxAttempts=unlimited}. Cause: Could not connect to broker URL: tcp://localhost:61616. Reason: java.net.ConnectException: Connection refused (Connection refused)
2020-08-17 23:59:40.825 ERROR 16169 --- [DefaultMessageListenerContainer-1] o.s.j.l.DefaultMessageListenerContainer  : Could not refresh JMS Connection for destination 'getstatus-queue' - retrying using FixedBackOff{interval=5000, currentAttempts=18, maxAttempts=unlimited}. Cause: Could not connect to broker URL: tcp://localhost:61616. Reason: java.net.ConnectException: Connection refused (Connection refused)
2020-08-17 23:59:40.828 ERROR 16169 --- [DefaultMessageListenerContainer-1] o.s.j.l.DefaultMessageListenerContainer  : Could not refresh JMS Connection for destination 'processor-queue' - retrying using FixedBackOff{interval=5000, currentAttempts=18, maxAttempts=unlimited}. Cause: Could not connect to broker URL: tcp://localhost:61616. Reason: java.net.ConnectException: Connection refused (Connection refused)
2020-08-17 23:59:45.829 ERROR 16169 --- [DefaultMessageListenerContainer-1] o.s.j.l.DefaultMessageListenerContainer  : Could not refresh JMS Connection for destination 'getstatus-queue' - retrying using FixedBackOff{interval=5000, currentAttempts=19, maxAttempts=unlimited}. Cause: Could not connect to broker URL: tcp://localhost:61616. Reason: java.net.ConnectException: Connection refused (Connection refused)
2020-08-17 23:59:45.833 ERROR 16169 --- [DefaultMessageListenerContainer-1] o.s.j.l.DefaultMessageListenerContainer  : Could not refresh JMS Connection for destination 'processor-queue' - retrying using FixedBackOff{interval=5000, currentAttempts=19, maxAttempts=unlimited}. Cause: Could not connect to broker URL: tcp://localhost:61616. Reason: java.net.ConnectException: Connection refused (Connection refused)
2020-08-17 23:59:50.834 ERROR 16169 --- [DefaultMessageListenerContainer-1] o.s.j.l.DefaultMessageListenerContainer  : Could not refresh JMS Connection for destination 'getstatus-queue' - retrying using FixedBackOff{interval=5000, currentAttempts=20, maxAttempts=unlimited}. Cause: Could not connect to broker URL: tcp://localhost:61616. Reason: java.net.ConnectException: Connection refused (Connection refused)
2020-08-17 23:59:50.836 ERROR 16169 --- [DefaultMessageListenerContainer-1] o.s.j.l.DefaultMessageListenerContainer  : Could not refresh JMS Connection for destination 'processor-queue' - retrying using FixedBackOff{interval=5000, currentAttempts=20, maxAttempts=unlimited}. Cause: Could not connect to broker URL: tcp://localhost:61616. Reason: java.net.ConnectException: Connection refused (Connection refused)
2020-08-17 23:59:55.838 ERROR 16169 --- [DefaultMessageListenerContainer-1] o.s.j.l.DefaultMessageListenerContainer  : Could not refresh JMS Connection for destination 'getstatus-queue' - retrying using FixedBackOff{interval=5000, currentAttempts=21, maxAttempts=unlimited}. Cause: Could not connect to broker URL: tcp://localhost:61616. Reason: java.net.ConnectException: Connection refused (Connection refused)
2020-08-17 23:59:55.841 ERROR 16169 --- [DefaultMessageListenerContainer-1] o.s.j.l.DefaultMessageListenerContainer  : Could not refresh JMS Connection for destination 'processor-queue' - retrying using FixedBackOff{interval=5000, currentAttempts=21, maxAttempts=unlimited}. Cause: Could not connect to broker URL: tcp://localhost:61616. Reason: java.net.ConnectException: Connection refused (Connection refused)
